Linux Kernel                          total |       text       data        bss
--------------------------------------------------------------------------------
vmlinux                             7572179 |    6828603     335888     407688
--------------------------------------------------------------------------------
drivers/built-in.o                  1746017 |    1616766     103427      25824
fs/built-in.o                       1504696 |    1462455      24313      17928
net/built-in.o                      1479209 |    1311688      69345      98176
kernel/built-in.o                   1011511 |     720301      55466     235744
mm/built-in.o                        388157 |     352925      18432      16800
block/built-in.o                     175897 |     168483       4790       2624
lib/built-in.o                       127059 |     126643        311        105
security/built-in.o                   57641 |      53745       3272        624
crypto/built-in.o                     53127 |      51671       1456          0
ipc/built-in.o                        52646 |      50624       1990         32
init/built-in.o                       39189 |      10553      28516        120
--------------------------------------------------------------------------------
sum                                 6635149 |    5925854     311318     397977
delta                                937030 |     902749      24570       9711


drivers                               total |       text       data        bss
--------------------------------------------------------------------------------
drivers/built-in.o                  1746017 |    1616766     103427      25824
--------------------------------------------------------------------------------
drivers/acpi/built-in.o              246380 |     231434      13002       1944 X
drivers/tty/built-in.o               181763 |     159723      16328       5712
drivers/mmc/built-in.o               142540 |     139388       3000        152
drivers/pci/built-in.o               136933 |     131562       3187       2184 X
drivers/base/built-in.o              124860 |     119706       4594        560
drivers/video/built-in.o             120665 |     107737       3440       9488
drivers/net/built-in.o               117905 |     100808      17025         72
drivers/hid/built-in.o                84825 |      77065       7728         32 X
drivers/clk/built-in.o                58448 |      55204       1780       1464
drivers/pinctrl/built-in.o            55484 |      54867        537         80
drivers/input/built-in.o              53330 |      51018       2208        104
drivers/of/built-in.o                 46687 |      45085        610        992
drivers/gpio/built-in.o               39221 |      37877       1296         48
drivers/pnp/built-in.o                34579 |      32442       2125         12
drivers/i2c/built-in.o                31705 |      29513       2096         96
drivers/irqchip/built-in.o            29134 |      24580       4490         64
drivers/iommu/built-in.o              28008 |      26816       1072        120
drivers/spi/built-in.o                27249 |      26281        936         32 X
drivers/dma/built-in.o                23506 |      22328       1026        152
drivers/char/built-in.o               21743 |      19181       1474       1088
drivers/virtio/built-in.o             15200 |      13487       1657         56
drivers/block/built-in.o              13839 |      12998        737        104
drivers/power/built-in.o              13592 |      10000       2968        624
drivers/cpuidle/built-in.o            11378 |       9673       1665         40
drivers/watchdog/built-in.o            8726 |       8150        376        200
drivers/ptp/built-in.o                 8553 |       8041        448         64
drivers/gpu/built-in.o                 8322 |       8122        168         32
drivers/bus/built-in.o                 8245 |       7572        641         32
drivers/clocksource/built-in.o         8036 |       7128        812         96
drivers/mfd/built-in.o                 7325 |       5317       1992         16
drivers/usb/built-in.o                 6227 |       6179          0         48 X
drivers/pps/built-in.o                 5307 |       4931        320         56
drivers/amba/built-in.o                4873 |       4521        352          0
drivers/misc/built-in.o                2173 |       1780        393          0
drivers/reset/built-in.o               1780 |       1724         56          0
drivers/hwmon/built-in.o               1744 |       1464        232         48
drivers/rtc/built-in.o                 1552 |       1552          0          0
--------------------------------------------------------------------------------
sum                                 1731837 |    1605254     100771      25812
delta                                 14180 |      11512       2656         12


fs                                    total |       text       data        bss
--------------------------------------------------------------------------------
fs/built-in.o                       1504696 |    1462455      24313      17928
--------------------------------------------------------------------------------
fs/*.o                               410871 |     396771       5784       8316
fs/ext4/built-in.o                   314528 |     310116       1828       2584 X
fs/nfs/built-in.o                    134606 |     127536       6822        248 X
fs/ext3/built-in.o                   108164 |     108024        124         16
fs/proc/built-in.o                    85894 |      85097        637        160
fs/fuse/built-in.o                    66780 |      66355        369         56 X
fs/jbd2/built-in.o                    55970 |      55761         89        120 X
fs/fat/built-in.o                     54977 |      54593        328         56 X
fs/ext2/built-in.o                    52136 |      51992        128         16 X
fs/lockd/built-in.o                   49267 |      41378       6105       1784
fs/jbd/built-in.o                     44014 |      43932         50         32
fs/notify/built-in.o                  25503 |      24811        452        240
fs/kernfs/built-in.o                  22429 |      18135        166       4128
fs/autofs4/built-in.o                 20360 |      20192        160          8 X
fs/debugfs/built-in.o                 16309 |      16205         88         16 X
fs/nls/built-in.o                     14467 |      14227        232          8
fs/sysfs/built-in.o                    8785 |       8702         59         24
fs/hugetlbfs/built-in.o                8581 |       8476         73         32
fs/devpts/built-in.o                   4532 |       3884        632         16
fs/exportfs/built-in.o                 2688 |       2687          1          0
fs/ramfs/built-in.o                    2516 |       2444         64          8
fs/nfs_common/built-in.o                825 |        737         72         16 X
--------------------------------------------------------------------------------
sum                                 1504202 |    1462055      24263      17884
delta                                   494 |        400         50         44


net                                   total |       text       data        bss
--------------------------------------------------------------------------------
net/built-in.o                      1479209 |    1311688      69345      98176
--------------------------------------------------------------------------------
net/ipv4/built-in.o                  466974 |     417179      24867      24928
net/ipv6/built-in.o                  332637 |     292598      18579      21460 ?
net/core/built-in.o                  272721 |     254365      12796       5560
net/sunrpc/built-in.o                145867 |     130934       3581      11352 X
net/can/built-in.o                    60519 |      34405       1114      25000 X
net/xfrm/built-in.o                   51662 |      49942        936        784
net/*.o                               32829 |      32017        700        112
net/netlink/built-in.o                30201 |      28950        955        296
net/packet/built-in.o                 27030 |      26501        529          0
net/unix/built-in.o                   25115 |      20347        640       4128
net/netfilter/built-in.o              16641 |       9889       2296       4456
net/sched/built-in.o                  10287 |       8270       2017          0
net/dns_resolver/built-in.o            3810 |       3650        144         16
net/ethernet/built-in.o                2657 |       2577         80          0
--------------------------------------------------------------------------------
sum                                 1478950 |    1311624      69234      98092
delta                                   259 |         64        111         84


kernel                                total |       text       data        bss
--------------------------------------------------------------------------------
kernel/built-in.o                   1011511 |     720301      55466     235744
--------------------------------------------------------------------------------
kernel/*.o                           354629 |     322882      22026       9721
kernel/time/built-in.o               248772 |      84738      17282     146752
kernel/sched/built-in.o              146810 |     133362       6552       6896
kernel/printk/built-in.o              86996 |      17492        352      69152
kernel/events/built-in.o              59844 |      56188       3096        560
kernel/irq/built-in.o                 45299 |      42073       1098       2128
kernel/rcu/built-in.o                 33980 |      29968       3964         48
kernel/locking/built-in.o             19975 |      19903         68          4
kernel/bpf/built-in.o                  8822 |       8590         32        200
kernel/power/built-in.o                6085 |       5093        872        120
--------------------------------------------------------------------------------
sum                                 1011212 |     720289      55342     235581
delta                                   299 |         12        124        163


block                                 total |       text       data        bss
--------------------------------------------------------------------------------
block/built-in.o                     175897 |     168483       4790       2624
--------------------------------------------------------------------------------
block/*.o                            168945 |     161571       4758       2616
block/partitions/built-in.o            6940 |       6908         28          4
--------------------------------------------------------------------------------
sum                                  175885 |     168479       4786       2620
delta                                    12 |          4          4          4


lib                                   total |       text       data        bss
--------------------------------------------------------------------------------
lib/built-in.o                       127059 |     126643        311        105
--------------------------------------------------------------------------------
lib/*.o                              200934 |     199676       1093        165
lib/lzo/built-in.o                     3195 |       3195          0          0
--------------------------------------------------------------------------------
sum                                  204129 |     202871       1093        165
delta                                -77070 |     -76228       -782        -60


security                              total |       text       data        bss
--------------------------------------------------------------------------------
security/built-in.o                   57641 |      53745       3272        624
--------------------------------------------------------------------------------
security/keys/built-in.o              34756 |      32600       1576        580
security/*.o                          21761 |      20109       1616         36
security/integrity/built-in.o          1124 |       1036         80          8
--------------------------------------------------------------------------------
sum                                   57641 |      53745       3272        624
delta                                     0 |          0          0          0


