root@s32v234evb:~# dmesg -s 128000 | grep "initcall" | sed "s/\(.*\)after\(.*\)/\2 \1/g" | sort -n
 0 usecs [    0.001213] initcall init_hw_perf_events+0x0/0x150 returned 0 
 0 usecs [    0.001237] initcall cpu_suspend_init+0x0/0xa8 returned 0 
 0 usecs [    0.020293] initcall init_workqueues+0x0/0x450 returned 0 
 0 usecs [    0.020315] initcall migration_init+0x0/0xac returned 0 
 0 usecs [    0.020335] initcall check_cpu_stall_init+0x0/0x28 returned 0 
 0 usecs [    0.020354] initcall rcu_register_oom_notifier+0x0/0x24 returned 0 
 0 usecs [    0.020501] initcall rcu_spawn_gp_kthread+0x0/0x154 returned 0 
 0 usecs [    0.060033] initcall jump_label_init_module+0x0/0x20 returned 0 
 0 usecs [    0.060162] initcall cci_init+0x0/0x2c returned -19 
 0 usecs [    0.060268] initcall rand_initialize+0x0/0x3c returned 0 
 0 usecs [    0.060293] initcall dummy_timer_register+0x0/0x58 returned 0 
 0 usecs [    0.125435] initcall ipc_ns_init+0x0/0x44 returned 0 
 0 usecs [    0.125456] initcall init_mmap_min_addr+0x0/0x18 returned 0 
 0 usecs [    0.125631] initcall net_ns_init+0x0/0x14c returned 0 
 0 usecs [    0.125686] initcall pgd_cache_init+0x0/0x8 returned 0 
 0 usecs [    0.125809] initcall wq_sysfs_init+0x0/0x24 returned 0 
 0 usecs [    0.125851] initcall ksysfs_init+0x0/0xc0 returned 0 
 0 usecs [    0.125930] initcall pm_init+0x0/0x70 returned 0 
 0 usecs [    0.125962] initcall init_jiffies_clocksource+0x0/0x24 returned 0 
 0 usecs [    0.126085] initcall cgroup_wq_init+0x0/0xdc returned 0 
 0 usecs [    0.126107] initcall cpu_pm_init+0x0/0x20 returned 0 
 0 usecs [    0.126185] initcall perf_workqueue_init+0x0/0x7c returned 0 
 0 usecs [    0.126207] initcall init_zero_pfn+0x0/0x54 returned 0 
 0 usecs [    0.127030] initcall cma_init_reserved_areas+0x0/0x22c returned 0 
 0 usecs [    0.127065] initcall fsnotify_init+0x0/0x2c returned 0 
 0 usecs [    0.127137] initcall filelock_init+0x0/0xd4 returned 0 
 0 usecs [    0.127163] initcall init_script_binfmt+0x0/0x24 returned 0 
 0 usecs [    0.127186] initcall init_elf_binfmt+0x0/0x24 returned 0 
 0 usecs [    0.127210] initcall init_compat_elf_binfmt+0x0/0x24 returned 0 
 0 usecs [    0.127242] initcall debugfs_init+0x0/0x78 returned 0 
 0 usecs [    0.127266] initcall securityfs_init+0x0/0x6c returned 0 
 0 usecs [    0.127288] initcall prandom_init+0x0/0xec returned 0 
 0 usecs [    0.127400] initcall cci_platform_init+0x0/0x3c returned 0 
 0 usecs [    0.127494] initcall pinctrl_init+0x0/0xc0 returned 0 
 0 usecs [    0.127570] initcall virtio_init+0x0/0x2c returned 0 
 0 usecs [    0.127629] initcall vexpress_syscfg_init+0x0/0x20 returned 0 
 0 usecs [    0.127794] initcall vexpress_sysreg_init+0x0/0x70 returned 0 
 0 usecs [    0.127829] initcall cpuidle_init+0x0/0x54 returned 0 
 0 usecs [    0.127889] initcall vexpress_osc_init+0x0/0x20 returned 0 
 0 usecs [    0.128065] initcall sock_init+0x0/0xb8 returned 0 
 0 usecs [    0.128096] initcall net_inuse_init+0x0/0x2c returned 0 
 0 usecs [    0.128335] initcall netlink_proto_init+0x0/0x168 returned 0 
 0 usecs [    0.128400] initcall debug_monitors_init+0x0/0x48 returned 0 
 0 usecs [    0.128469] initcall bdi_class_init+0x0/0x74 returned 0 
 0 usecs [    0.128498] initcall mm_sysfs_init+0x0/0x3c returned 0 
 0 usecs [    0.128527] initcall kobject_uevent_init+0x0/0x20 returned 0 
 0 usecs [    0.128637] initcall vexpress_config_init+0x0/0xe8 returned 0 
 0 usecs [    0.128692] initcall gpiolib_sysfs_init+0x0/0xbc returned 0 
 0 usecs [    0.128735] initcall pcibus_class_init+0x0/0x24 returned 0 
 0 usecs [    0.128808] initcall pci_driver_init+0x0/0x1c returned 0 
 0 usecs [    0.128878] initcall amba_init+0x0/0x1c returned 0 
 0 usecs [    0.128923] initcall tty_class_init+0x0/0x58 returned 0 
 0 usecs [    0.129058] initcall vtconsole_class_init+0x0/0xfc returned 0 
 0 usecs [    0.129105] initcall iommu_dev_init+0x0/0x24 returned 0 
 0 usecs [    0.129134] initcall regmap_initcall+0x0/0x18 returned 0 
 0 usecs [    0.129190] initcall syscon_init+0x0/0x24 returned 0 
 0 usecs [    0.129275] initcall spi_init+0x0/0x94 returned 0 
 0 usecs [    0.129379] initcall i2c_init+0x0/0xc8 returned 0 
 0 usecs [    0.190504] initcall debug_traps_init+0x0/0x5c returned 0 
 0 usecs [    0.190533] initcall vdso_init+0x0/0x18c returned 0 
 0 usecs [    0.190563] initcall alloc_vectors_page+0x0/0xdc returned 0 
 0 usecs [    0.190595] initcall cpu_pmu_reset+0x0/0x38 returned 0 
 0 usecs [    0.190634] initcall arch_hw_breakpoint_init+0x0/0xd8 returned 0 
 0 usecs [    0.192301] initcall arm64_dma_init+0x0/0x28 returned 0 
 0 usecs [    0.192323] initcall acpi_pci_init+0x0/0x74 returned 0 
 0 usecs [    0.192399] initcall dma_bus_init+0x0/0xc0 returned 0 
 0 usecs [    0.192443] initcall dma_channel_table_init+0x0/0x108 returned 0 
 0 usecs [    0.192476] initcall iommu_init+0x0/0x94 returned 0 
 0 usecs [    0.203223] initcall topology_init+0x0/0x8c returned 0 
 0 usecs [    0.203252] initcall uid_cache_init+0x0/0xa8 returned 0 
 0 usecs [    0.207038] initcall param_sysfs_init+0x0/0x1f0 returned 0 
 0 usecs [    0.207071] initcall proc_schedstat_init+0x0/0x38 returned 0 
 0 usecs [    0.207300] initcall default_bdi_init+0x0/0x50 returned 0 
 0 usecs [    0.207324] initcall percpu_enable_async+0x0/0x14 returned 0 
 0 usecs [    0.207342] initcall init_reserve_notifier+0x0/0x8 returned 0 
 0 usecs [    0.207367] initcall init_admin_reserve+0x0/0x30 returned 0 
 0 usecs [    0.207389] initcall init_user_reserve+0x0/0x30 returned 0 
 0 usecs [    0.207546] initcall init_bio+0x0/0xd0 returned 0 
 0 usecs [    0.207569] initcall blk_settings_init+0x0/0x30 returned 0 
 0 usecs [    0.207610] initcall blk_ioc_init+0x0/0x38 returned 0 
 0 usecs [    0.207630] initcall blk_softirq_init+0x0/0x90 returned 0 
 0 usecs [    0.207649] initcall blk_iopoll_setup+0x0/0x90 returned 0 
 0 usecs [    0.207667] initcall blk_mq_init+0x0/0x18 returned 0 
 0 usecs [    0.207850] initcall genhd_device_init+0x0/0x94 returned 0 
 0 usecs [    0.207888] initcall gpiolib_debugfs_init+0x0/0x38 returned 0 
 0 usecs [    0.207919] initcall pci_slot_init+0x0/0x58 returned 0 
 0 usecs [    0.207976] initcall fbmem_init+0x0/0xac returned 0 
 0 usecs [    0.208003] initcall acpi_init+0x0/0x288 returned -19 
 0 usecs [    0.208071] initcall pnp_init+0x0/0x1c returned 0 
 0 usecs [    0.211071] initcall misc_init+0x0/0xd4 returned 0 
 0 usecs [    0.211292] initcall arm_smmu_init+0x0/0xd0 returned 0 
 0 usecs [    0.211469] initcall vga_arb_device_init+0x0/0x114 returned 0 
 0 usecs [    0.211631] initcall phy_init+0x0/0x48 returned 0 
 0 usecs [    0.211693] initcall serio_init+0x0/0x44 returned 0 
 0 usecs [    0.211755] initcall input_init+0x0/0x134 returned 0 
 0 usecs [    0.212093] initcall i2c_adap_imx_init+0x0/0x20 returned 0 
 0 usecs [    0.212149] initcall pps_init+0x0/0xc4 returned 0 
 0 usecs [    0.212193] initcall ptp_init+0x0/0xb0 returned 0 
 0 usecs [    0.212232] initcall power_supply_class_init+0x0/0x60 returned 0 
 0 usecs [    0.212271] initcall hwmon_init+0x0/0x48 returned 0 
 0 usecs
 0 usecs [    0.212455] initcall mmc_init+0x0/0x88 returned 0 
 0 usecs [    0.212486] initcall proto_init+0x0/0x20 returned 0 
 0 usecs [    0.212932] initcall net_dev_init+0x0/0x1f0 returned 0 
 0 usecs [    0.212955] initcall neigh_init+0x0/0xa0 returned 0 
 0 usecs [    0.212977] initcall fib_rules_init+0x0/0xc8 returned 0 
 0 usecs [    0.213016] initcall genl_init+0x0/0x94 returned 0 
 0 usecs [    0.213087] initcall create_debug_debugfs_entry+0x0/0x30 returned 0 
 0 usecs [    0.213111] initcall dma_debug_do_init+0x0/0x8 returned 0 
 0 usecs [    0.213643] initcall init_ramfs_fs+0x0/0x3c returned 0 
 0 usecs [    0.213663] initcall blk_scsi_ioctl_init+0x0/0xb0 returned 0 
 0 usecs [    0.213892] initcall acpi_event_init+0x0/0x44 returned 0 
 0 usecs [    0.222355] initcall firmware_class_init+0x0/0x28 returned 0 
 0 usecs [    0.224390] initcall acpi_reserve_resources+0x0/0xfc returned 0 
 0 usecs [    0.224994] initcall init_posix_cpu_timers+0x0/0xd4 returned 0 
 0 usecs [    0.225013] initcall timekeeping_init_ops+0x0/0x20 returned 0 
 0 usecs [    0.225866] initcall sched_clock_syscore_init+0x0/0x24 returned 0 
 0 usecs [    0.226633] initcall mm_compute_batch_init+0x0/0x68 returned 0 
 0 usecs [    0.226876] initcall slab_proc_init+0x0/0x8 returned 0 
 0 usecs [    0.227509] initcall init_mbcache+0x0/0x24 returned 0 
 0 usecs [    0.228414] initcall init_nfs_v3+0x0/0x20 returned 0 
 0 usecs [    0.228488] initcall init_nls_iso8859_1+0x0/0x20 returned 0 
 0 usecs [    0.229885] initcall percpu_counter_startup+0x0/0x40 returned 0 
 0 usecs [    0.236782] initcall acpi_button_driver_init+0x0/0x20 returned -19 
 0 usecs [    1.191860] initcall gre_offload_init+0x0/0x20 returned 0 
 0 usecs [    1.191991] initcall tunnel4_init+0x0/0x78 returned 0 
 0 usecs [    1.192014] initcall ipv4_netfilter_init+0x0/0x1c returned 0 
 0 usecs [    1.192063] initcall tcp_diag_init+0x0/0x1c returned 0 
 0 usecs [    1.198584] initcall xfrm6_mode_tunnel_init+0x0/0x20 returned 0 
 0 usecs [    1.198608] initcall xfrm6_beet_init+0x0/0x20 returned 0 
 0 usecs [    1.266686] initcall printk_late_init+0x0/0x50 returned 0 
 0 usecs [    1.271337] initcall max_swapfiles_check+0x0/0x8 returned 0 
 0 usecs [    1.271361] initcall check_early_ioremap_leak+0x0/0x6c returned 0 
 0 usecs [    1.367236] initcall register_sk_filter_ops+0x0/0x8 returned 0 
[    0.129116] calling  regmap_initcall+0x0/0x18 @ 1
[    1.271531] calling  deferred_probe_initcall+0x0/0x88 @ 1
 1 usecs [    0.222428] initcall eth_offload_init+0x0/0x20 returned 0 
 1 usecs [    0.223985] initcall ipv4_offload_init+0x0/0x6c returned 0 
 1 usecs [    0.224054] initcall ipv6_offload_init+0x0/0x84 returned 0 
 1 usecs [    0.226678] initcall workingset_init+0x0/0x5c returned 0 
 1 usecs [    0.226980] initcall start_dirtytime_writeback+0x0/0x3c returned 0 
 1 usecs [    0.228396] initcall init_nfs_v2+0x0/0x20 returned 0 
 1 usecs [    0.228470] initcall init_nls_cp437+0x0/0x20 returned 0 
 1 usecs [    0.229865] initcall libcrc32c_mod_init+0x0/0x38 returned 0 
 1 usecs [    1.073413] initcall serport_init+0x0/0x40 returned 0 
 1 usecs [    1.073487] initcall evdev_init+0x0/0x1c returned 0 
 1 usecs [    1.192086] initcall cubictcp_register+0x0/0x60 returned 0 
 1 usecs [    1.266116] initcall fpsimd_init+0x0/0x6c returned 0 
 1 usecs [    1.367260] initcall tcp_congestion_default+0x0/0x1c returned 0 
 2 usecs [    0.226900] initcall cpucache_init+0x0/0x74 returned 0 
 2 usecs [    0.227004] initcall dio_init+0x0/0x38 returned 0 
 2 usecs [    0.227157] initcall inotify_user_setup+0x0/0x54 returned 0 
 2 usecs [    0.228128] initcall init_vfat_fs+0x0/0x1c returned 0 
 2 usecs [    1.198560] initcall xfrm6_transport_init+0x0/0x20 returned 0 
 2 usecs [    1.271515] initcall pci_sysfs_init+0x0/0x60 returned 0 
 3 usecs [    0.213411] initcall proc_cpuinfo_init+0x0/0x34 returned 0 
 3 usecs [    0.213432] initcall proc_devices_init+0x0/0x38 returned 0 
 3 usecs [    0.213452] initcall proc_interrupts_init+0x0/0x38 returned 0 
 3 usecs [    0.213472] initcall proc_loadavg_init+0x0/0x34 returned 0 
 3 usecs [    0.213493] initcall proc_meminfo_init+0x0/0x34 returned 0 
 3 usecs [    0.213534] initcall proc_uptime_init+0x0/0x34 returned 0 
 3 usecs [    0.213554] initcall proc_version_init+0x0/0x34 returned 0 
 3 usecs [    0.227535] initcall init_grace+0x0/0x1c returned 0 
 3 usecs [    0.229844] initcall crc_t10dif_mod_init+0x0/0x50 returned 0 
 4 usecs [    0.213391] initcall proc_consoles_init+0x0/0x38 returned 0 
 4 usecs [    0.213514] initcall proc_stat_init+0x0/0x34 returned 0 
 4 usecs [    0.213601] initcall proc_kmsg_init+0x0/0x34 returned 0 
 4 usecs [    0.224904] initcall init_sched_debug_procfs+0x0/0x40 returned 0 
 4 usecs [    0.226007] initcall kallsyms_init+0x0/0x38 returned 0 
 4 usecs [    0.226657] initcall slab_proc_init+0x0/0x38 returned 0 
 4 usecs [    0.226702] initcall proc_vmalloc_init+0x0/0x38 returned 0 
 4 usecs [    0.226955] initcall proc_filesystems_init+0x0/0x34 returned 0 
 4 usecs [    0.229039] initcall crypto_algapi_init+0x0/0x18 returned 0 
 4 usecs [    1.266139] initcall init_oops_id+0x0/0x44 returned 0 
 5 usecs [    0.213976] initcall pnpacpi_init+0x0/0x8c returned 0 
 5 usecs [    0.225890] initcall init_tstats_procfs+0x0/0x3c returned 0 
 5 usecs [    0.225984] initcall proc_modules_init+0x0/0x38 returned 0 
 5 usecs [    0.226927] initcall fcntl_init+0x0/0x38 returned 0 
 5 usecs [    0.227272] initcall proc_locks_init+0x0/0x38 returned 0 
 5 usecs [    0.229757] initcall deadline_init+0x0/0x1c returned 0 
 5 usecs [    1.192041] initcall inet_diag_init+0x0/0x94 returned 0 
 6 usecs [    0.213625] initcall proc_page_init+0x0/0x5c returned 0 
 6 usecs [    0.224849] initcall proc_execdomains_init+0x0/0x34 returned 0 
 6 usecs [    1.271315] initcall fault_around_debugfs+0x0/0x44 returned 0 
 6 usecs [    1.271492] initcall pci_resource_alignment_sysfs_init+0x0/0x28 returned 0 
 7 usecs [    0.213363] initcall proc_cmdline_init+0x0/0x34 returned 0 
 7 usecs [    0.229732] initcall noop_init+0x0/0x1c returned 0 
 8 usecs [    0.213580] initcall proc_softirqs_init+0x0/0x34 returned 0 
 8 usecs [    0.224366] initcall pci_apply_final_quirks+0x0/0x120 returned 0 
 8 usecs [    0.224881] initcall ioresources_init+0x0/0x5c returned 0 
 8 usecs [    0.225240] initcall init_timer_list_procfs+0x0/0x40 returned 0 
 9 usecs [    0.226781] initcall procswaps_init+0x0/0x38 returned 0 
 9 usecs [    0.971689] initcall net_olddevs_init+0x0/0x90 returned 0 
 10 usecs [    0.229016] initcall key_proc_init+0x0/0x7c returned 0 
 10 usecs [    1.367292] initcall ip_auto_config+0x0/0xe98 returned 0 
 11 usecs [    0.224934] initcall irq_debugfs_init+0x0/0x3c returned 0 
 11 usecs [    0.229627] initcall proc_genhd_init+0x0/0x5c returned 0 
 12 usecs [    1.266170] initcall sched_init_debug+0x0/0x38 returned 0 
 13 usecs [    0.227194] initcall fanotify_user_setup+0x0/0x84 returned 0 
 13 usecs [    0.232309] initcall pci_proc_init+0x0/0x8c returned 0 
 15 usecs [    0.227718] initcall init_ext2_fs+0x0/0x90 returned 0 
 15 usecs [    1.266723] initcall tk_debug_sleep_time_init+0x0/0x4c returned 0 
 17 usecs [    0.213182] initcall clocksource_done_booting+0x0/0x58 returned 0 
 17 usecs [    0.226087] initcall utsname_sysctl_init+0x0/0x20 returned 0 
 17 usecs [    0.228450] initcall init_nlm+0x0/0x88 returned 0 
 17 usecs [    0.228870] initcall ipc_init+0x0/0x20 returned 0 
 18 usecs [    0.213332] initcall anon_inode_init+0x0/0x6c returned 0 
 19 usecs [    0.228909] initcall ipc_sysctl_init+0x0/0x20 returned 0 
 20 usecs [    0.224029] initcall af_unix_init+0x0/0x64 returned 0 
 20 usecs [    0.224975] initcall init_posix_timers+0x0/0x21c returned 0 
 21 usecs [    0.228108] initcall init_fat_fs+0x0/0x5c returned 0 
 21 usecs [    1.271463] initcall prandom_reseed+0x0/0x58 returned 0 
 22 usecs [    0.226050] initcall pid_namespaces_init+0x0/0x38 returned 0 
 22 usecs [    0.227132] initcall dnotify_init+0x0/0x88 returned 0 
 23 usecs [    0.213290] initcall eventpoll_init+0x0/0xd4 returned 0 
 23 usecs [    0.226565] initcall extfrag_debug_init+0x0/0x90 returned 0 
 23 usecs [    0.226749] initcall memblock_init_debugfs+0x0/0x88 returned 0 
 24 usecs [    1.191836] initcall sock_diag_init+0x0/0x20 returned 0 
 25 usecs [    0.226612] initcall setup_vmstat+0x0/0x1b4 returned 0 
 26 usecs [    0.227244] initcall aio_setup+0x0/0xc8 returned 0 
 28 usecs [    0.222407] initcall sysctl_core_init+0x0/0x40 returned 0 
 33 usecs [    0.213242] initcall init_pipe_fs+0x0/0x60 returned 0 
 33 usecs [    0.213949] initcall pnp_system_init+0x0/0x1c returned 0 
 33 usecs [    0.972584] initcall bcm89xxx_phy_init+0x0/0x20 returned 0 
 33 usecs [    1.073467] initcall ambakmi_driver_init+0x0/0x1c returned 0 
 33 usecs [    1.096547] initcall mmc_blk_init+0x0/0xa8 returned 0 
 35 usecs [    0.236757] initcall sii902x_i2c_driver_init+0x0/0x20 returned 0 
 38 usecs [    1.271420] initcall init_root_keyring+0x0/0x14 returned 0 
 41 usecs [    0.227973] initcall journal_init+0x0/0x144 returned 0 
 44 usecs [    0.227912] initcall journal_init+0x0/0xe0 returned 0 
 44 usecs [    0.229820] initcall cfq_init+0x0/0xac returned 0 
 47 usecs [    0.224462] initcall default_rootfs+0x0/0x7c returned 0 
 48 usecs [    0.225959] initcall futex_init+0x0/0x110 returned 0 
 49 usecs [    0.226854] initcall hugetlb_init+0x0/0x634 returned 0 
 53 usecs [    0.227608] initcall init_devpts_fs+0x0/0x7c returned 0 
 55 usecs [    0.227684] initcall init_ext3_fs+0x0/0x90 returned 0 
 55 usecs [    0.228986] initcall init_mqueue_fs+0x0/0xc8 returned 0 
 56 usecs [    0.226421] initcall init_per_zone_wmark_min+0x0/0xcc returned 0 
 56 usecs [    0.227085] initcall fsnotify_mark_init+0x0/0x48 returned 0 
 57 usecs [    0.229706] initcall bsg_init+0x0/0x150 returned 0 
 59 usecs [    1.191787] initcall hid_generic_init+0x0/0x28 returned 0 
 61 usecs [    0.972530] initcall phy_module_init+0x0/0x20 returned 0 
 66 usecs [    1.073574] initcall atkbd_init+0x0/0x28 returned 0 
 67 usecs [    0.970440] initcall spidev_init+0x0/0xd0 returned 0 
 68 usecs [    1.191704] initcall hid_init+0x0/0x64 returned 0 
 71 usecs [    0.228067] initcall init_hugetlbfs_fs+0x0/0x158 returned 0 
 75 usecs [    0.226519] initcall kswapd_init+0x0/0x20 returned 0 
 84 usecs [    1.191969] initcall sysctl_ipv4_init+0x0/0x60 returned 0 
 84 usecs [    1.362143] initcall of_fdt_raw_init+0x0/0x7c returned 0 
 91 usecs [    0.230620] initcall bgpio_driver_init+0x0/0x20 returned 0 
 102 usecs [    0.956419] initcall topology_sysfs_init+0x0/0x90 returned 0 
 105 usecs [    1.367424] initcall clk_disable_unused+0x0/0x130 returned 0 
 108 usecs [    0.227848] initcall ext4_init_fs+0x0/0x210 returned 0 
 114 usecs [    0.956288] initcall hwrng_modinit+0x0/0x20 returned 0 
 124 usecs [    1.081226] initcall uinput_init+0x0/0x1c returned 0 
 132 usecs [    0.228644] initcall init_autofs4_fs+0x0/0x30 returned 0 
 144 usecs [    0.229594] initcall crct10dif_mod_init+0x0/0x1c returned 0 
 149 usecs [    0.229423] initcall crc32c_mod_init+0x0/0x1c returned 0 
 155 usecs [    0.232491] initcall mxsfb_driver_init+0x0/0x20 returned 0 
 162 usecs [    0.228832] initcall fuse_init+0x0/0x1b8 returned 0 
 167 usecs [    0.236979] initcall virtio_mmio_init+0x0/0x24 returned 0 
 173 usecs [    0.225211] initcall init_clocksource_sysfs+0x0/0x6c returned 0 
 179 usecs [    0.213868] initcall simplefb_init+0x0/0x98 returned 0 
 180 usecs [    0.229246] initcall aes_init+0x0/0x1c returned 0 
 186 usecs [    0.227486] initcall init_sys32_ioctl+0x0/0x34 returned 0 
 187 usecs [    0.225453] initcall alarmtimer_init+0x0/0x160 returned 0 
 190 usecs [    1.085432] initcall vexpress_reset_init+0x0/0x20 returned 0 
 221 usecs [    0.228375] initcall init_nfs_fs+0x0/0x158 returned 0 
 227 usecs [    0.226342] initcall perf_event_sysfs_init+0x0/0xc0 returned 0 
 235 usecs [    1.085694] initcall s32v_reboot_init+0x0/0x20 returned 0 
 249 usecs [    0.224334] initcall init_sunrpc+0x0/0x84 returned 0 
 284 usecs [    0.224818] initcall register_pmu_driver+0x0/0x20 returned 0 
 317 usecs [    0.972447] initcall phy_module_init+0x0/0x20 returned 0 
 346 usecs [    0.237361] initcall pty_init+0x0/0x3d4 returned 0 
 361 usecs [    0.225845] initcall clockevents_init_sysfs+0x0/0x118 returned 0 
 381 usecs [    0.972100] initcall phy_module_init+0x0/0x20 returned 0 
 460 usecs [    1.266664] initcall pm_qos_power_init+0x0/0xcc returned 0 
 462 usecs [    0.977890] initcall phy_module_init+0x0/0x20 returned 0 
 569 usecs [    2.528030] initcall jpegdcd_driver_init+0x0/0x30 [jpegdcd] returned 0 
 579 usecs [    0.230503] initcall s32v234_pinctrl_driver_init+0x0/0x20 returned 0 
 906 usecs [    2.555749] initcall h264dcd_driver_init+0x0/0x30 [h264dcd] returned 0 
 1049 usecs [    2.418783] initcall apex_driver_init+0x0/0x30 [apex] returned 0 
 1165 usecs [    0.971659] initcall fsl_dspi_driver_init+0x0/0x20 returned 0 
 1257 usecs [    0.233808] initcall fsl_dcu_driver_init+0x0/0x24 returned 0 
 1465 usecs [    0.223957] initcall inet_init+0x0/0x27c returned 0 
 1576 usecs [    0.232268] initcall siul2_gpio_init+0x0/0x24 returned 0 
 2428 usecs [    2.811845] initcall CamInit+0x0/0x1a8 [cam] returned 0 
 2789 usecs [    0.236694] initcall r_init+0x0/0x274 returned 0 
 3873 usecs [    1.085215] initcall i2c_dev_init+0x0/0xf8 returned 0 
 4139 usecs [    1.010470] initcall can_dev_init+0x0/0x3c returned 0 
 4437 usecs [    1.271288] initcall taskstats_init+0x0/0x70 returned 0 
 4590 usecs [    3.184132] initcall sha204_module_init+0x0/0x58 [sha204_i2c] returned 0 
 4628 usecs [    1.225905] initcall raw_module_init+0x0/0x48 returned 0 
 4648 usecs [    1.266054] initcall init_dns_resolver+0x0/0x108 returned 0 
 4676 usecs [    0.977395] initcall fixed_mdio_bus_init+0x0/0x114 returned 0 
 4808 usecs [    1.209252] initcall packet_init+0x0/0x58 returned 0 
 4820 usecs [    0.995583] initcall vcan_init_module+0x0/0x40 returned 0 
 4916 usecs [    1.367209] initcall clk_debug_init+0x0/0x150 returned 0 
 5305 usecs [    2.867491] initcall SeqInit+0x0/0x300 [seq] returned 0 
 5533 usecs [    1.204301] initcall sit_init+0x0/0xf0 returned 0 
 5956 usecs [    1.261275] initcall cgw_module_init+0x0/0x110 returned 0 
 6153 usecs [    1.114571] initcall sdhci_pltfm_drv_init+0x0/0x20 returned 0 
 6221 usecs [    0.962809] initcall cacheinfo_sysfs_init+0x0/0x4ac returned -2 
 6262 usecs [    1.198528] initcall inet6_init+0x0/0x2f4 returned 0 
 7300 usecs [    1.081076] initcall gpio_beeper_platform_driver_init+0x0/0x20 returned 0 
 7341 usecs [    0.970350] initcall loop_init+0x0/0x160 returned 0 
 7703 usecs [    2.756099] initcall CsiInit+0x0/0x230 [csi] returned 0 
 8114 usecs [    0.222329] initcall chr_dev_init+0x0/0xcc returned 0 
 9765 usecs [    0.202857] initcall arm64_device_init+0x0/0x30 returned 0 
 9765 usecs [    0.211003] initcall fsl_edma_init+0x0/0x20 returned 0 
 10361 usecs [    1.006213] initcall slcan_init+0x0/0xb0 returned 0 
 10519 usecs [    1.096490] initcall sac58r_wdt_driver_init+0x0/0x2c returned 0 
 11407 usecs [    1.108249] initcall sdhci_drv_init+0x0/0x2c returned 0 
 11584 usecs [    1.221140] initcall can_init+0x0/0x104 returned 0 
 12413 usecs [    0.990625] initcall tun_init+0x0/0xac returned 0 
 19531 usecs [    0.019967] initcall spawn_ksoftirqd+0x0/0x60 returned 0 
 19531 usecs [    0.039987] initcall rcu_spawn_core_kthreads+0x0/0xac returned 0 
 19531 usecs [    0.060010] initcall cpu_stop_init+0x0/0xe4 returned 0 
 19707 usecs [    1.030677] initcall flexcan_driver_init+0x0/0x20 returned 0 
 28534 usecs [    1.255150] initcall bcm_module_init+0x0/0x6c returned 0 
 29296 usecs [    0.150119] initcall init_ladder+0x0/0x1c returned 0 
 39062 usecs [    0.190442] initcall init_menu+0x0/0x1c returned 0 
 41683 usecs [    1.073390] initcall fec_driver_init+0x0/0x20 returned 0 
 48274 usecs [    2.493340] initcall fsl_viulite_driver_init+0x0/0x30 [viulite] returned 0 
 61416 usecs [    2.968740] initcall FdmaInit+0x0/0x218 [fdma] returned 0 
 75204 usecs [    1.191610] initcall sdhci_esdhc_imx_driver_init+0x0/0x24 returned 0 
 88360 usecs [    1.362029] initcall deferred_probe_initcall+0x0/0x88 returned 0 
 101979 usecs [    2.699743] initcall nxp_oal_driver_init+0x0/0x30 [oal_cma] returned 0 
 107104 usecs [    3.126910] initcall H264EncInit+0x0/0x248 [h264enc] returned 0 
 701900 usecs [    0.956142] initcall linflex_serial_init+0x0/0x60 returned 0 
