
├── drivers
│   ├── tty
│   │   ├── n_tty.o
│   │   ├── pty.o
│   │   ├── serial
│   │   │   ├── fsl_linflexuart.o
│   │   │   └── serial_core.o
│   │   ├── tty_buffer.o
│   │   ├── tty_ioctl.o
│   │   ├── tty_io.o
│   │   ├── tty_ldisc.o
│   │   ├── tty_ldsem.o
│   │   ├── tty_mutex.o
│   │   ├── tty_port.o
│   │   └── vt
│   │       ├── consolemap_deftbl.c
│   │       ├── consolemap_deftbl.o
│   │       ├── consolemap.o
│   │       ├── defkeymap.c
│   │       ├── defkeymap.o
│   │       ├── keyboard.o
│   │       ├── selection.o
│   │       ├── vc_screen.o
│   │       ├── vt_ioctl.o
│   │       └── vt.o
