


include/configs/s32.h:
#define CONFIG_ENV_IS_IN_MMC

CPU:   NXP S32V234 V2.0 at 1000 MHz
Reset cause: unknown reset
Board: rda600
DRAM:  2 GiB
All (4) cores are up.
MMC:   FSL_SDHC: 0
#mn: [initr_env][482] 
#mn: [should_load_env][469] 
#mn: [should_load_env][475] 
#mn: [env_relocate][267] 
#mn: [env_relocate_spec][300] 
In:    serial
Out:   serial
Err:   serial


============================
include/configs/s32.h:
//#define CONFIG_ENV_IS_IN_MMC
#define CONFIG_ENV_IS_NOWHERE

s32v234evb login: CPU:   NXP S32V234 V2.0 at 1000 MHz
Reset cause: unknown reset
Board: rda600
DRAM:  2 GiB
All (4) cores are up.
MMC:   FSL_SDHC: 0
#mn: [initr_env][482] 
#mn: [should_load_env][469] 
#mn: [should_load_env][475] 
Using default environment

In:    serial
Out:   serial
Err:   serial
