

modprobe ar0144_mipi_brg brg_id=0x0 
[    2.567338] ###[ds90ub954_hw_init 389] [dump_stack start]
[    2.572938] CPU: 2 PID: 133 Comm: modprobe Tainted: P           O    4.9.110
#1
[    2.580506] Hardware name: Roadefend RDA602 Board (DT)
[    2.585824] Call trace:
[    2.588357] [<ffffff8008087e18>] dump_backtrace+0x0/0x1e8
[    2.593946] [<ffffff8008088014>] show_stack+0x14/0x20
[    2.599175] [<ffffff80082f9938>] dump_stack+0x94/0xb4
[    2.604407] [<ffffff800069a43c>] ds90ub954_hw_init+0x54/0x498 [ds90ub954]
[    2.611443] [<ffffff8000691b14>] ambrg_init_device+0x174/0x318 [ambrg]
[    2.618313] [<ffffff800063b33c>] ambarella_vin_register_device+0x2f4/0x570
[iav]
[    2.625979] [<ffffff8000692600>] amba_brg_register_device+0x400/0x5b8 [ambrg]
[    2.633373] [<ffffff80006a30ac>] ar0144_init+0xac/0xe8 [ar0144_mipi_brg]
[    2.640315] [<ffffff8008083138>] do_one_initcall+0x38/0x128
[    2.646083] [<ffffff8008120cec>] do_init_module+0x60/0x194
[    2.651761] [<ffffff800810d0ec>] load_module+0x1034/0x10b8
[    2.657438] [<ffffff800810d420>] SyS_finit_module+0xd0/0xe8
[    2.663207] [<ffffff8008082f40>] el0_svc_naked+0x34/0x38
[    2.668717] ###[ds90ub954_hw_init 391] [dump_stack end]
[    2.675748] #mn A: ds90ub954_hw_init: pinfo->i2c_ctrl.addr.des=0x60

